<?xml version="1.0" encoding="UTF-8"?>
<!-- Generated by org.testng.reporters.JUnitReportReporter -->
<testsuite skipped="0" hostname="LAPTOP-5G0H4FFG" name="TestRunner" tests="1" failures="0" timestamp="2022-04-04T13:36:36 PDT" time="5.149" errors="0">
  <testcase name="runScenario" time="5.149" classname="TestRunner"/>
  <system-out/>
</testsuite> <!-- TestRunner -->
