<?xml version="1.0" encoding="UTF-8"?>
<!-- Generated by org.testng.reporters.JUnitReportReporter -->
<testsuite skipped="0" hostname="LAPTOP-5G0H4FFG" name="TestRunner" tests="1" failures="0" timestamp="2021-11-10T18:11:25 PST" time="4.707" errors="0">
  <testcase name="runScenario" time="4.707" classname="TestRunner"/>
  <system-out/>
</testsuite> <!-- TestRunner -->
